Performing C SOURCE FILE Test CMAKE_HAVE_LIBC_PTHREAD failed with the following output:
Change Dir: C:/Projects/ANSCENTER-RT/out/build/x64-Debug/CMakeFiles/CMakeScratch/TryCompile-3j17uf

Run Build Command(s):C:/Program Files/Microsoft Visual Studio/2022/Community/Common7/IDE/CommonExtensions/Microsoft/CMake/Ninja/ninja.exe cmTC_c4ecb && [1/2] Building C object CMakeFiles\cmTC_c4ecb.dir\src.c.obj
FAILED: CMakeFiles/cmTC_c4ecb.dir/src.c.obj 
C:\PROGRA~1\MICROS~2\2022\COMMUN~1\VC\Tools\MSVC\1435~1.322\bin\Hostx64\x64\cl.exe  /nologo -DCMAKE_HAVE_LIBC_PTHREAD  /DWIN32 /D_WINDOWS /W3  /MDd /Zi /Ob0 /Od /RTC1 /showIncludes /FoCMakeFiles\cmTC_c4ecb.dir\src.c.obj /FdCMakeFiles\cmTC_c4ecb.dir\ /FS -c C:\Projects\ANSCENTER-RT\out\build\x64-Debug\CMakeFiles\CMakeScratch\TryCompile-3j17uf\src.c
C:\Projects\ANSCENTER-RT\out\build\x64-Debug\CMakeFiles\CMakeScratch\TryCompile-3j17uf\src.c(1): fatal error C1083: Cannot open include file: 'pthread.h': No such file or directory
ninja: build stopped: subcommand failed.


Source file was:
#include <pthread.h>

static void* test_func(void* data)
{
  return data;
}

int main(void)
{
  pthread_t thread;
  pthread_create(&thread, NULL, test_func, NULL);
  pthread_detach(thread);
  pthread_cancel(thread);
  pthread_join(thread, NULL);
  pthread_atfork(NULL, NULL, NULL);
  pthread_exit(NULL);

  return 0;
}


Determining if the function pthread_create exists in the pthreads failed with the following output:
Change Dir: C:/Projects/ANSCENTER-RT/out/build/x64-Debug/CMakeFiles/CMakeScratch/TryCompile-hnpum7

Run Build Command(s):C:/Program Files/Microsoft Visual Studio/2022/Community/Common7/IDE/CommonExtensions/Microsoft/CMake/Ninja/ninja.exe cmTC_91512 && [1/2] Building C object CMakeFiles\cmTC_91512.dir\CheckFunctionExists.c.obj
[2/2] Linking C executable cmTC_91512.exe
FAILED: cmTC_91512.exe 
cmd.exe /C "cd . && "C:\Program Files\Microsoft Visual Studio\2022\Community\Common7\IDE\CommonExtensions\Microsoft\CMake\CMake\bin\cmake.exe" -E vs_link_exe --intdir=CMakeFiles\cmTC_91512.dir --rc=C:\PROGRA~2\WI3CF2~1\10\bin\100220~1.0\x64\rc.exe --mt=C:\PROGRA~2\WI3CF2~1\10\bin\100220~1.0\x64\mt.exe --manifests  -- C:\PROGRA~1\MICROS~2\2022\COMMUN~1\VC\Tools\MSVC\1435~1.322\bin\Hostx64\x64\link.exe /nologo CMakeFiles\cmTC_91512.dir\CheckFunctionExists.c.obj  /out:cmTC_91512.exe /implib:cmTC_91512.lib /pdb:cmTC_91512.pdb /version:0.0 /machine:x64  /debug /INCREMENTAL /subsystem:console  pthreads.lib  kernel32.lib user32.lib gdi32.lib winspool.lib shell32.lib ole32.lib oleaut32.lib uuid.lib comdlg32.lib advapi32.lib && cmd.exe /C "cd /D C:\Projects\ANSCENTER-RT\out\build\x64-Debug\CMakeFiles\CMakeScratch\TryCompile-hnpum7 && C:\Windows\System32\WindowsPowerShell\v1.0\powershell.exe -noprofile -executionpolicy Bypass -file C:/Users/phong/vcpkg/scripts/buildsystems/msbuild/applocal.ps1 -targetBinary C:/Projects/ANSCENTER-RT/out/build/x64-Debug/CMakeFiles/CMakeScratch/TryCompile-hnpum7/cmTC_91512.exe -installedDir C:/Users/phong/vcpkg/installed/x64-windows/debug/bin -OutVariable out""
LINK Pass 1: command "C:\PROGRA~1\MICROS~2\2022\COMMUN~1\VC\Tools\MSVC\1435~1.322\bin\Hostx64\x64\link.exe /nologo CMakeFiles\cmTC_91512.dir\CheckFunctionExists.c.obj /out:cmTC_91512.exe /implib:cmTC_91512.lib /pdb:cmTC_91512.pdb /version:0.0 /machine:x64 /debug /INCREMENTAL /subsystem:console pthreads.lib kernel32.lib user32.lib gdi32.lib winspool.lib shell32.lib ole32.lib oleaut32.lib uuid.lib comdlg32.lib advapi32.lib /MANIFEST /MANIFESTFILE:CMakeFiles\cmTC_91512.dir/intermediate.manifest CMakeFiles\cmTC_91512.dir/manifest.res" failed (exit code 1104) with the following output:
LINK : fatal error LNK1104: cannot open file 'pthreads.lib'
ninja: build stopped: subcommand failed.



Determining if the function pthread_create exists in the pthread failed with the following output:
Change Dir: C:/Projects/ANSCENTER-RT/out/build/x64-Debug/CMakeFiles/CMakeScratch/TryCompile-ioj7un

Run Build Command(s):C:/Program Files/Microsoft Visual Studio/2022/Community/Common7/IDE/CommonExtensions/Microsoft/CMake/Ninja/ninja.exe cmTC_3e03a && [1/2] Building C object CMakeFiles\cmTC_3e03a.dir\CheckFunctionExists.c.obj
[2/2] Linking C executable cmTC_3e03a.exe
FAILED: cmTC_3e03a.exe 
cmd.exe /C "cd . && "C:\Program Files\Microsoft Visual Studio\2022\Community\Common7\IDE\CommonExtensions\Microsoft\CMake\CMake\bin\cmake.exe" -E vs_link_exe --intdir=CMakeFiles\cmTC_3e03a.dir --rc=C:\PROGRA~2\WI3CF2~1\10\bin\100220~1.0\x64\rc.exe --mt=C:\PROGRA~2\WI3CF2~1\10\bin\100220~1.0\x64\mt.exe --manifests  -- C:\PROGRA~1\MICROS~2\2022\COMMUN~1\VC\Tools\MSVC\1435~1.322\bin\Hostx64\x64\link.exe /nologo CMakeFiles\cmTC_3e03a.dir\CheckFunctionExists.c.obj  /out:cmTC_3e03a.exe /implib:cmTC_3e03a.lib /pdb:cmTC_3e03a.pdb /version:0.0 /machine:x64  /debug /INCREMENTAL /subsystem:console  pthread.lib  kernel32.lib user32.lib gdi32.lib winspool.lib shell32.lib ole32.lib oleaut32.lib uuid.lib comdlg32.lib advapi32.lib && cmd.exe /C "cd /D C:\Projects\ANSCENTER-RT\out\build\x64-Debug\CMakeFiles\CMakeScratch\TryCompile-ioj7un && C:\Windows\System32\WindowsPowerShell\v1.0\powershell.exe -noprofile -executionpolicy Bypass -file C:/Users/phong/vcpkg/scripts/buildsystems/msbuild/applocal.ps1 -targetBinary C:/Projects/ANSCENTER-RT/out/build/x64-Debug/CMakeFiles/CMakeScratch/TryCompile-ioj7un/cmTC_3e03a.exe -installedDir C:/Users/phong/vcpkg/installed/x64-windows/debug/bin -OutVariable out""
LINK Pass 1: command "C:\PROGRA~1\MICROS~2\2022\COMMUN~1\VC\Tools\MSVC\1435~1.322\bin\Hostx64\x64\link.exe /nologo CMakeFiles\cmTC_3e03a.dir\CheckFunctionExists.c.obj /out:cmTC_3e03a.exe /implib:cmTC_3e03a.lib /pdb:cmTC_3e03a.pdb /version:0.0 /machine:x64 /debug /INCREMENTAL /subsystem:console pthread.lib kernel32.lib user32.lib gdi32.lib winspool.lib shell32.lib ole32.lib oleaut32.lib uuid.lib comdlg32.lib advapi32.lib /MANIFEST /MANIFESTFILE:CMakeFiles\cmTC_3e03a.dir/intermediate.manifest CMakeFiles\cmTC_3e03a.dir/manifest.res" failed (exit code 1104) with the following output:
LINK : fatal error LNK1104: cannot open file 'pthread.lib'
ninja: build stopped: subcommand failed.



